2022/01/08 15:43:30 {"callers":["C:/Projects/Learning/go-programming-tour-book/blog-service/main.go: 76 main.init.0"],"level":"info","message":"eddycjy: go-programming-tour-book/blog-service","time":1641627810605235900}
2022/01/08 16:33:05 {"callers":["C:/Projects/Learning/go-programming-tour-book/blog-service/main.go: 76 main.init.0"],"level":"info","message":"eddycjy: go-programming-tour-book/blog-service","time":1641630785490525100}
2022/01/08 19:03:08 {"callers":["C:/Projects/Learning/go-programming-tour-book/blog-service/main.go: 76 main.init.0"],"level":"info","message":"eddycjy: go-programming-tour-book/blog-service","time":1641639788346475900}
2022/01/08 19:27:54 {"callers":["C:/Projects/Learning/go-programming-tour-book/blog-service/main.go: 76 main.init.0"],"level":"info","message":"eddycjy: go-programming-tour-book/blog-service","time":1641641274584258400}
2022/01/08 21:35:08 {"callers":["C:/Projects/Learning/go-programming-tour-book/blog-service/main.go: 76 main.init.0"],"level":"info","message":"eddycjy: go-programming-tour-book/blog-service","time":1641648908229049000}
2022/01/08 21:35:38 {"callers":["C:/Projects/Learning/go-programming-tour-book/blog-service/main.go: 76 main.init.0"],"level":"error","message":"app:BindAndVaid errs: State必须是[0 1]中的一个","time":1641648938558324900}
2022/01/08 21:35:49 {"callers":["C:/Projects/Learning/go-programming-tour-book/blog-service/main.go: 76 main.init.0"],"level":"error","message":"app:BindAndVaid errs: State必须是[0 1]中的一个","time":1641648949268011100}
2022/01/08 21:39:17 {"callers":["C:/Projects/Learning/go-programming-tour-book/blog-service/main.go: 76 main.init.0"],"level":"info","message":"eddycjy: go-programming-tour-book/blog-service","time":1641649157890594100}
2022/01/08 21:39:22 {"callers":["C:/Projects/Learning/go-programming-tour-book/blog-service/main.go: 76 main.init.0"],"level":"error","message":"app:BindAndVaid errs: State必须是[0 1]中的一个","time":1641649162855034900}
2022/01/08 21:39:23 {"callers":["C:/Projects/Learning/go-programming-tour-book/blog-service/main.go: 76 main.init.0"],"level":"error","message":"app:BindAndVaid errs: State必须是[0 1]中的一个","time":1641649163902257100}
2022/01/08 21:39:26 {"callers":["C:/Projects/Learning/go-programming-tour-book/blog-service/main.go: 76 main.init.0"],"level":"error","message":"app:BindAndVaid errs: State必须是[0 1]中的一个","time":1641649166149825300}
2022/01/08 21:39:32 {"callers":["C:/Projects/Learning/go-programming-tour-book/blog-service/main.go: 76 main.init.0"],"level":"error","message":"app:BindAndVaid errs: State必须是[0 1]中的一个","time":1641649172489579200}
2022/01/09 20:22:07 {"callers":["C:/Projects/Learning/go-programming-tour-book/blog-service/main.go: 76 main.init.0"],"level":"info","message":"eddycjy: go-programming-tour-book/blog-service","time":1641730927487721100}
2022/01/09 20:24:00 {"callers":["C:/Projects/Learning/go-programming-tour-book/blog-service/main.go: 76 main.init.0"],"level":"error","message":"app:BindAndVaid errs: ","time":1641731040246897500}
2022/01/09 20:24:22 {"callers":["C:/Projects/Learning/go-programming-tour-book/blog-service/main.go: 76 main.init.0"],"level":"error","message":"app:BindAndVaid errs: ","time":1641731062648068400}
2022/01/09 20:24:41 {"callers":["C:/Projects/Learning/go-programming-tour-book/blog-service/main.go: 76 main.init.0"],"level":"error","message":"app:BindAndVaid errs: ","time":1641731081812777200}
2022/01/09 20:24:44 {"callers":["C:/Projects/Learning/go-programming-tour-book/blog-service/main.go: 76 main.init.0"],"level":"error","message":"app:BindAndVaid errs: ","time":1641731084895787700}
2022/01/09 20:25:22 {"callers":["C:/Projects/Learning/go-programming-tour-book/blog-service/main.go: 76 main.init.0"],"level":"error","message":"app:BindAndVaid errs: ","time":1641731122801234700}
2022/01/09 20:28:44 {"callers":["c:/Projects/Learning/go-programming-tour-book/blog-service/main.go: 76 main.init.0"],"level":"info","message":"eddycjy: go-programming-tour-book/blog-service","time":1641731324136217500}
2022/01/09 20:28:49 {"callers":["c:/Projects/Learning/go-programming-tour-book/blog-service/main.go: 76 main.init.0"],"level":"error","message":"app:BindAndVaid errs: ","time":1641731329171563000}
2022/01/09 20:30:16 {"callers":["c:/Projects/Learning/go-programming-tour-book/blog-service/main.go: 76 main.init.0"],"level":"error","message":"app:BindAndVaid errs: ","time":1641731416090323300}
2022/01/09 20:33:08 {"callers":["c:/Projects/Learning/go-programming-tour-book/blog-service/main.go: 76 main.init.0"],"level":"error","message":"app:BindAndVaid errs: ","time":1641731588169105100}
2022/01/09 20:47:11 {"callers":["c:/Projects/Learning/go-programming-tour-book/blog-service/main.go: 76 main.init.0"],"level":"error","message":"app:BindAndVaid errs: Name长度必须至少为3个字符,CreatedBy为必填字段","time":1641732431265182400}
2022/01/09 20:52:39 {"callers":["c:/Projects/Learning/go-programming-tour-book/blog-service/main.go: 76 main.init.0"],"level":"error","message":"app:BindAndVaid errs: Name长度必须至少为3个字符,CreatedBy为必填字段","time":1641732759104979100}
2022/01/09 20:54:22 {"callers":["c:/Projects/Learning/go-programming-tour-book/blog-service/main.go: 76 main.init.0"],"level":"error","message":"app:BindAndVaid errs: CreatedBy为必填字段","time":1641732862970071500}
2022/01/09 20:58:22 {"callers":["C:/Projects/Learning/go-programming-tour-book/blog-service/main.go: 76 main.init.0"],"level":"info","message":"eddycjy: go-programming-tour-book/blog-service","time":1641733102095190200}
2022/01/09 21:02:08 {"callers":["C:/Projects/Learning/go-programming-tour-book/blog-service/main.go: 76 main.init.0"],"level":"info","message":"eddycjy: go-programming-tour-book/blog-service","time":1641733328608231700}
2022/01/09 21:02:22 {"callers":["C:/Projects/Learning/go-programming-tour-book/blog-service/main.go: 76 main.init.0"],"level":"error","message":"app:BindAndVaid errs: CreatedBy为必填字段","time":1641733342904149200}
2022/01/09 21:02:43 {"callers":["C:/Projects/Learning/go-programming-tour-book/blog-service/main.go: 76 main.init.0"],"level":"error","message":"app:BindAndVaid errs: ","time":1641733363437987400}
2022/01/09 21:02:47 {"callers":["C:/Projects/Learning/go-programming-tour-book/blog-service/main.go: 76 main.init.0"],"level":"error","message":"app:BindAndVaid errs: CreatedBy为必填字段","time":1641733367989712500}
2022/01/09 21:03:05 {"callers":["C:/Projects/Learning/go-programming-tour-book/blog-service/main.go: 76 main.init.0"],"level":"error","message":"app:BindAndVaid errs: CreatedBy为必填字段","time":1641733385289196700}
2022/01/09 21:06:08 {"callers":["C:/Projects/Learning/go-programming-tour-book/blog-service/main.go: 76 main.init.0"],"level":"info","message":"eddycjy: go-programming-tour-book/blog-service","time":1641733568632421900}
2022/01/09 21:06:18 {"callers":["C:/Projects/Learning/go-programming-tour-book/blog-service/main.go: 76 main.init.0"],"level":"error","message":"app:BindAndVaid errs: CreatedBy为必填字段","time":1641733578456568100}
2022/01/09 21:06:25 {"callers":["C:/Projects/Learning/go-programming-tour-book/blog-service/main.go: 76 main.init.0"],"level":"error","message":"app:BindAndVaid errs: CreatedBy为必填字段","time":1641733585007626500}
2022/01/09 21:06:26 {"callers":["C:/Projects/Learning/go-programming-tour-book/blog-service/main.go: 76 main.init.0"],"level":"error","message":"app:BindAndVaid errs: CreatedBy为必填字段","time":1641733586171245200}
2022/01/09 21:10:34 {"callers":["c:/Projects/Learning/go-programming-tour-book/blog-service/main.go: 76 main.init.0"],"level":"info","message":"eddycjy: go-programming-tour-book/blog-service","time":1641733834168717600}
2022/01/09 21:11:19 {"callers":["c:/Projects/Learning/go-programming-tour-book/blog-service/main.go: 76 main.init.0"],"level":"error","message":"app:BindAndVaid errs: CreatedBy为必填字段","time":1641733879734026800}
2022/01/09 21:12:18 {"callers":["C:/Projects/Learning/go-programming-tour-book/blog-service/main.go: 76 main.init.0"],"level":"info","message":"eddycjy: go-programming-tour-book/blog-service","time":1641733938048153500}
2022/01/09 21:12:33 {"callers":["C:/Projects/Learning/go-programming-tour-book/blog-service/main.go: 76 main.init.0"],"level":"info","message":"eddycjy: go-programming-tour-book/blog-service","time":1641733953848126200}
2022/01/09 21:13:10 {"callers":["c:/Projects/Learning/go-programming-tour-book/blog-service/main.go: 76 main.init.0"],"level":"error","message":"app:BindAndVaid errs: CreatedBy为必填字段","time":1641733990543305600}
2022/01/09 21:13:23 {"callers":["C:/Projects/Learning/go-programming-tour-book/blog-service/main.go: 76 main.init.0"],"level":"info","message":"eddycjy: go-programming-tour-book/blog-service","time":1641734003822837000}
2022/03/18 10:53:38 {"callers":["C:/Projects/go_tour/blog-service/main.go: 76 main.init.0"],"level":"info","message":"eddycjy: go_tour/blog-service","time":1647572018089847500}
